0 info it worked if it ends with ok
1 verbose cli [ 'D:\\Program Files (x86)\\nodejs\\node.exe',
1 verbose cli   'D:\\Program Files (x86)\\nodejs\\node_modules\\npm\\bin\\npm-cli.js',
1 verbose cli   'install',
1 verbose cli   'seamsearch' ]
2 info using npm@2.14.7
3 info using node@v4.2.1
4 verbose install initial load of G:\moka\package.json
5 verbose installManyTop reading scoped package data from G:\moka\node_modules\async\package.json
6 verbose installManyTop reading scoped package data from G:\moka\node_modules\body-parser\package.json
7 verbose installManyTop reading scoped package data from G:\moka\node_modules\cookie\package.json
8 verbose installManyTop reading scoped package data from G:\moka\node_modules\cookie-parser\package.json
9 verbose installManyTop reading scoped package data from G:\moka\node_modules\debug\package.json
10 verbose installManyTop reading scoped package data from G:\moka\node_modules\ejs\package.json
11 verbose installManyTop reading scoped package data from G:\moka\node_modules\express\package.json
12 verbose installManyTop reading scoped package data from G:\moka\node_modules\express-session\package.json
13 verbose installManyTop reading scoped package data from G:\moka\node_modules\iconv-lite\package.json
14 verbose installManyTop reading scoped package data from G:\moka\node_modules\is-blob\package.json
15 verbose installManyTop reading scoped package data from G:\moka\node_modules\jpush-sdk\package.json
16 verbose installManyTop reading scoped package data from G:\moka\node_modules\log4js\package.json
17 verbose installManyTop reading scoped package data from G:\moka\node_modules\method-override\package.json
18 verbose installManyTop reading scoped package data from G:\moka\node_modules\mocha\package.json
19 verbose installManyTop reading scoped package data from G:\moka\node_modules\multiparty\package.json
20 verbose installManyTop reading scoped package data from G:\moka\node_modules\mysql\package.json
21 verbose installManyTop reading scoped package data from G:\moka\node_modules\nodemailer\package.json
22 verbose installManyTop reading scoped package data from G:\moka\node_modules\qn\package.json
23 verbose installManyTop reading scoped package data from G:\moka\node_modules\redis\package.json
24 verbose installManyTop reading scoped package data from G:\moka\node_modules\request\package.json
25 verbose installManyTop reading scoped package data from G:\moka\node_modules\should\package.json
26 verbose installManyTop reading scoped package data from G:\moka\node_modules\static-favicon\package.json
27 verbose installManyTop reading scoped package data from G:\moka\node_modules\textract\package.json
28 verbose installManyTop reading scoped package data from G:\moka\node_modules\textract.zip\package.json
29 verbose installManyTop reading scoped package data from G:\moka\node_modules\unrtf\package.json
30 info package.json cookie@0.1.0 No license field.
31 info package.json cookie-parser@1.0.1 No license field.
32 info package.json ejs@0.8.8 No license field.
33 info package.json debug@0.7.4 No license field.
34 info package.json express-session@1.0.2 No repository field.
35 info package.json log4js@0.6.16 No license field.
36 info package.json async@0.8.0 No license field.
37 info package.json mocha@2.2.1 No license field.
38 info package.json redis@0.10.1 No license field.
39 info package.json static-favicon@1.0.2 No license field.
40 verbose readDependencies loading dependencies from G:\moka\package.json
41 silly cache add args [ 'seamsearch', null ]
42 verbose cache add spec seamsearch
43 silly cache add parsed spec Result {
43 silly cache add   raw: 'seamsearch',
43 silly cache add   scope: null,
43 silly cache add   name: 'seamsearch',
43 silly cache add   rawSpec: '',
43 silly cache add   spec: '*',
43 silly cache add   type: 'range' }
44 silly addNamed seamsearch@*
45 verbose addNamed "*" is a valid semver range for seamsearch
46 silly addNameRange { name: 'seamsearch', range: '*', hasData: false }
47 silly mapToRegistry name seamsearch
48 silly mapToRegistry using default registry
49 silly mapToRegistry registry https://registry.npmjs.org/
50 silly mapToRegistry uri https://registry.npmjs.org/seamsearch
51 verbose addNameRange registry:https://registry.npmjs.org/seamsearch not in flight; fetching
52 verbose request uri https://registry.npmjs.org/seamsearch
53 verbose request no auth needed
54 info attempt registry request try #1 at 10:17:21
55 verbose request id bd50e9bf3a54957c
56 http request GET https://registry.npmjs.org/seamsearch
57 http 200 https://registry.npmjs.org/seamsearch
58 verbose headers { server: 'CouchDB/1.5.0 (Erlang OTP/R16B03)',
58 verbose headers   etag: '"C2CT4OXGEF5JLRZUB8RGZ9CX6"',
58 verbose headers   'content-type': 'application/json',
58 verbose headers   'content-encoding': 'gzip',
58 verbose headers   'cache-control': 'max-age=300',
58 verbose headers   'content-length': '1133',
58 verbose headers   'accept-ranges': 'bytes',
58 verbose headers   date: 'Wed, 22 Jun 2016 02:17:19 GMT',
58 verbose headers   via: '1.1 varnish',
58 verbose headers   age: '0',
58 verbose headers   connection: 'keep-alive',
58 verbose headers   'x-served-by': 'cache-ams4146-AMS',
58 verbose headers   'x-cache': 'MISS',
58 verbose headers   'x-cache-hits': '0',
58 verbose headers   'x-timer': 'S1466561838.906973,VS0,VE109',
58 verbose headers   vary: 'Accept-Encoding' }
59 silly get cb [ 200,
59 silly get   { server: 'CouchDB/1.5.0 (Erlang OTP/R16B03)',
59 silly get     etag: '"C2CT4OXGEF5JLRZUB8RGZ9CX6"',
59 silly get     'content-type': 'application/json',
59 silly get     'content-encoding': 'gzip',
59 silly get     'cache-control': 'max-age=300',
59 silly get     'content-length': '1133',
59 silly get     'accept-ranges': 'bytes',
59 silly get     date: 'Wed, 22 Jun 2016 02:17:19 GMT',
59 silly get     via: '1.1 varnish',
59 silly get     age: '0',
59 silly get     connection: 'keep-alive',
59 silly get     'x-served-by': 'cache-ams4146-AMS',
59 silly get     'x-cache': 'MISS',
59 silly get     'x-cache-hits': '0',
59 silly get     'x-timer': 'S1466561838.906973,VS0,VE109',
59 silly get     vary: 'Accept-Encoding' } ]
60 verbose get saving seamsearch to C:\Users\young\AppData\Roaming\npm-cache\registry.npmjs.org\seamsearch\.cache.json
61 silly addNameRange number 2 { name: 'seamsearch', range: '*', hasData: true }
62 silly addNameRange versions [ 'seamsearch',
62 silly addNameRange   [ '0.1.1',
62 silly addNameRange     '0.1.2',
62 silly addNameRange     '0.1.3',
62 silly addNameRange     '0.1.44444',
62 silly addNameRange     '0.1.55555',
62 silly addNameRange     '0.1.6',
62 silly addNameRange     '0.1.7',
62 silly addNameRange     '0.1.8' ] ]
63 silly addNamed seamsearch@0.1.8
64 verbose addNamed "0.1.8" is a plain semver version for seamsearch
65 silly mapToRegistry name seamsearch
66 silly mapToRegistry using default registry
67 silly mapToRegistry registry https://registry.npmjs.org/
68 silly mapToRegistry uri https://registry.npmjs.org/seamsearch
69 verbose addRemoteTarball https://registry.npmjs.org/seamsearch/-/seamsearch-0.1.8.tgz not in flight; adding
70 verbose addRemoteTarball [ 'https://registry.npmjs.org/seamsearch/-/seamsearch-0.1.8.tgz',
70 verbose addRemoteTarball   'bd0051cb0ce24cb7824e95a62b21655e8e0b755d' ]
71 info retry fetch attempt 1 at 10:17:22
72 info attempt registry request try #1 at 10:17:22
73 http fetch GET https://registry.npmjs.org/seamsearch/-/seamsearch-0.1.8.tgz
74 http fetch 200 https://registry.npmjs.org/seamsearch/-/seamsearch-0.1.8.tgz
75 silly fetchAndShaCheck shasum bd0051cb0ce24cb7824e95a62b21655e8e0b755d
76 verbose addTmpTarball C:\Users\young\AppData\Local\Temp\npm-125096-080df077\registry.npmjs.org\seamsearch\-\seamsearch-0.1.8.tgz not in flight; adding
77 verbose addTmpTarball already have metadata; skipping unpack for seamsearch@0.1.8
78 silly cache afterAdd seamsearch@0.1.8
79 verbose afterAdd C:\Users\young\AppData\Roaming\npm-cache\seamsearch\0.1.8\package\package.json not in flight; writing
80 verbose afterAdd C:\Users\young\AppData\Roaming\npm-cache\seamsearch\0.1.8\package\package.json written
81 silly install resolved [ { name: 'seamsearch',
81 silly install resolved     version: '0.1.8',
81 silly install resolved     description: 'a nodejs fulltext search engine',
81 silly install resolved     main: 'index.js',
81 silly install resolved     scripts:
81 silly install resolved      { test: 'echo "Error: no test specified" && exit 1',
81 silly install resolved        install: 'node-gyp rebuild' },
81 silly install resolved     repository: { type: 'git', url: 'https://github.com/luyongfugx/seamSearch' },
81 silly install resolved     keywords: [ 'search', 'index', 'nodejs', 'seam' ],
81 silly install resolved     author: { name: 'luyongfugx@163.com' },
81 silly install resolved     license: 'mit',
81 silly install resolved     gypfile: true,
81 silly install resolved     bugs: { url: 'https://github.com/luyongfugx/seamSearch/issues' },
81 silly install resolved     _id: 'seamsearch@0.1.8',
81 silly install resolved     dist:
81 silly install resolved      { shasum: 'bd0051cb0ce24cb7824e95a62b21655e8e0b755d',
81 silly install resolved        tarball: 'https://registry.npmjs.org/seamsearch/-/seamsearch-0.1.8.tgz' },
81 silly install resolved     _from: 'seamsearch@*',
81 silly install resolved     _npmVersion: '1.3.8',
81 silly install resolved     _npmUser: { name: 'waynelu', email: 'luyongfugx@163.com' },
81 silly install resolved     maintainers: [ [Object] ],
81 silly install resolved     directories: {},
81 silly install resolved     _shasum: 'bd0051cb0ce24cb7824e95a62b21655e8e0b755d',
81 silly install resolved     _resolved: 'https://registry.npmjs.org/seamsearch/-/seamsearch-0.1.8.tgz' } ]
82 info install seamsearch@0.1.8 into G:\moka
83 info installOne seamsearch@0.1.8
84 verbose installOne of seamsearch to G:\moka not in flight; installing
85 verbose lock using C:\Users\young\AppData\Roaming\npm-cache\_locks\seamsearch-e612457ad188bf38.lock for G:\moka\node_modules\seamsearch
86 silly install write writing seamsearch 0.1.8 to G:\moka\node_modules\seamsearch
87 verbose unbuild node_modules\seamsearch
88 silly gentlyRm G:\moka\node_modules\seamsearch is being purged from base G:\moka
89 verbose gentlyRm don't care about contents; nuking G:\moka\node_modules\seamsearch
90 verbose tar unpack C:\Users\young\AppData\Roaming\npm-cache\seamsearch\0.1.8\package.tgz
91 verbose tar unpacking to G:\moka\node_modules\seamsearch
92 silly gentlyRm G:\moka\node_modules\seamsearch is being purged
93 verbose gentlyRm don't care about contents; nuking G:\moka\node_modules\seamsearch
94 silly gunzTarPerm modes [ '777', '666' ]
95 silly gunzTarPerm extractEntry package.json
96 silly gunzTarPerm modified mode [ 'package.json', 420, 438 ]
97 silly gunzTarPerm extractEntry index.js
98 silly gunzTarPerm modified mode [ 'index.js', 420, 438 ]
99 silly gunzTarPerm extractEntry testindex.js
100 silly gunzTarPerm modified mode [ 'testindex.js', 420, 438 ]
101 silly gunzTarPerm extractEntry testsearch.js
102 silly gunzTarPerm modified mode [ 'testsearch.js', 420, 438 ]
103 silly gunzTarPerm extractEntry binding.gyp
104 silly gunzTarPerm modified mode [ 'binding.gyp', 420, 438 ]
105 silly gunzTarPerm extractEntry build/Makefile
106 silly gunzTarPerm modified mode [ 'build/Makefile', 420, 438 ]
107 silly gunzTarPerm extractEntry build/Release/.deps/Release/obj.target/seamSearch/cpp/document/Document.o.d
108 silly gunzTarPerm modified mode [ 'build/Release/.deps/Release/obj.target/seamSearch/cpp/document/Document.o.d',
108 silly gunzTarPerm   420,
108 silly gunzTarPerm   438 ]
109 silly gunzTarPerm extractEntry build/Release/.deps/Release/obj.target/seamSearch/cpp/merge/IndexMerge.o.d
110 silly gunzTarPerm modified mode [ 'build/Release/.deps/Release/obj.target/seamSearch/cpp/merge/IndexMerge.o.d',
110 silly gunzTarPerm   420,
110 silly gunzTarPerm   438 ]
111 silly gunzTarPerm extractEntry build/Release/.deps/Release/obj.target/seamSearch/cpp/merge/SegmentInfos.o.d
112 silly gunzTarPerm modified mode [ 'build/Release/.deps/Release/obj.target/seamSearch/cpp/merge/SegmentInfos.o.d',
112 silly gunzTarPerm   420,
112 silly gunzTarPerm   438 ]
113 silly gunzTarPerm extractEntry build/Release/.deps/Release/obj.target/seamSearch/cpp/reader/HitDoc.o.d
114 silly gunzTarPerm modified mode [ 'build/Release/.deps/Release/obj.target/seamSearch/cpp/reader/HitDoc.o.d',
114 silly gunzTarPerm   420,
114 silly gunzTarPerm   438 ]
115 silly gunzTarPerm extractEntry build/Release/.deps/Release/obj.target/seamSearch/cpp/reader/IndexReader.o.d
116 silly gunzTarPerm modified mode [ 'build/Release/.deps/Release/obj.target/seamSearch/cpp/reader/IndexReader.o.d',
116 silly gunzTarPerm   420,
116 silly gunzTarPerm   438 ]
117 silly gunzTarPerm extractEntry build/Release/.deps/Release/obj.target/seamSearch/cpp/search/IndexSearch.o.d
118 silly gunzTarPerm modified mode [ 'build/Release/.deps/Release/obj.target/seamSearch/cpp/search/IndexSearch.o.d',
118 silly gunzTarPerm   420,
118 silly gunzTarPerm   438 ]
119 silly gunzTarPerm extractEntry build/Release/.deps/Release/obj.target/seamSearch/cpp/search/PriQueue.o.d
120 silly gunzTarPerm modified mode [ 'build/Release/.deps/Release/obj.target/seamSearch/cpp/search/PriQueue.o.d',
120 silly gunzTarPerm   420,
120 silly gunzTarPerm   438 ]
121 silly gunzTarPerm extractEntry build/Release/.deps/Release/obj.target/seamSearch/cpp/seg/CHzSeg.o.d
122 silly gunzTarPerm modified mode [ 'build/Release/.deps/Release/obj.target/seamSearch/cpp/seg/CHzSeg.o.d',
122 silly gunzTarPerm   420,
122 silly gunzTarPerm   438 ]
123 silly gunzTarPerm extractEntry build/Release/.deps/Release/obj.target/seamSearch/cpp/seg/Dict.o.d
124 silly gunzTarPerm modified mode [ 'build/Release/.deps/Release/obj.target/seamSearch/cpp/seg/Dict.o.d',
124 silly gunzTarPerm   420,
124 silly gunzTarPerm   438 ]
125 silly gunzTarPerm extractEntry build/Release/.deps/Release/obj.target/seamSearch/cpp/store/IndexInput.o.d
126 silly gunzTarPerm modified mode [ 'build/Release/.deps/Release/obj.target/seamSearch/cpp/store/IndexInput.o.d',
126 silly gunzTarPerm   420,
126 silly gunzTarPerm   438 ]
127 silly gunzTarPerm extractEntry build/Release/.deps/Release/obj.target/seamSearch/cpp/store/IndexOutput.o.d
128 silly gunzTarPerm modified mode [ 'build/Release/.deps/Release/obj.target/seamSearch/cpp/store/IndexOutput.o.d',
128 silly gunzTarPerm   420,
128 silly gunzTarPerm   438 ]
129 silly gunzTarPerm extractEntry build/Release/.deps/Release/obj.target/seamSearch/cpp/writer/IndexWriter.o.d
130 silly gunzTarPerm modified mode [ 'build/Release/.deps/Release/obj.target/seamSearch/cpp/writer/IndexWriter.o.d',
130 silly gunzTarPerm   420,
130 silly gunzTarPerm   438 ]
131 silly gunzTarPerm extractEntry build/Release/.deps/Release/obj.target/seamSearch/nodeSearch.o.d
132 silly gunzTarPerm modified mode [ 'build/Release/.deps/Release/obj.target/seamSearch/nodeSearch.o.d',
132 silly gunzTarPerm   420,
132 silly gunzTarPerm   438 ]
133 silly gunzTarPerm extractEntry build/Release/.deps/Release/seamSearch.node.d
134 silly gunzTarPerm modified mode [ 'build/Release/.deps/Release/seamSearch.node.d', 420, 438 ]
135 silly gunzTarPerm extractEntry build/Release/linker.lock
136 silly gunzTarPerm modified mode [ 'build/Release/linker.lock', 420, 438 ]
137 silly gunzTarPerm extractEntry build/Release/obj.target/seamSearch/cpp/document/Document.o
138 silly gunzTarPerm modified mode [ 'build/Release/obj.target/seamSearch/cpp/document/Document.o',
138 silly gunzTarPerm   420,
138 silly gunzTarPerm   438 ]
139 silly gunzTarPerm extractEntry build/Release/obj.target/seamSearch/cpp/merge/IndexMerge.o
140 silly gunzTarPerm modified mode [ 'build/Release/obj.target/seamSearch/cpp/merge/IndexMerge.o',
140 silly gunzTarPerm   420,
140 silly gunzTarPerm   438 ]
141 silly gunzTarPerm extractEntry build/Release/obj.target/seamSearch/cpp/merge/SegmentInfos.o
142 silly gunzTarPerm modified mode [ 'build/Release/obj.target/seamSearch/cpp/merge/SegmentInfos.o',
142 silly gunzTarPerm   420,
142 silly gunzTarPerm   438 ]
143 silly gunzTarPerm extractEntry build/Release/obj.target/seamSearch/cpp/reader/HitDoc.o
144 silly gunzTarPerm modified mode [ 'build/Release/obj.target/seamSearch/cpp/reader/HitDoc.o',
144 silly gunzTarPerm   420,
144 silly gunzTarPerm   438 ]
145 silly gunzTarPerm extractEntry build/Release/obj.target/seamSearch/cpp/reader/IndexReader.o
146 silly gunzTarPerm modified mode [ 'build/Release/obj.target/seamSearch/cpp/reader/IndexReader.o',
146 silly gunzTarPerm   420,
146 silly gunzTarPerm   438 ]
147 silly gunzTarPerm extractEntry build/Release/obj.target/seamSearch/cpp/search/IndexSearch.o
148 silly gunzTarPerm modified mode [ 'build/Release/obj.target/seamSearch/cpp/search/IndexSearch.o',
148 silly gunzTarPerm   420,
148 silly gunzTarPerm   438 ]
149 silly gunzTarPerm extractEntry build/Release/obj.target/seamSearch/cpp/search/PriQueue.o
150 silly gunzTarPerm modified mode [ 'build/Release/obj.target/seamSearch/cpp/search/PriQueue.o',
150 silly gunzTarPerm   420,
150 silly gunzTarPerm   438 ]
151 silly gunzTarPerm extractEntry build/Release/obj.target/seamSearch/cpp/seg/CHzSeg.o
152 silly gunzTarPerm modified mode [ 'build/Release/obj.target/seamSearch/cpp/seg/CHzSeg.o',
152 silly gunzTarPerm   420,
152 silly gunzTarPerm   438 ]
153 silly gunzTarPerm extractEntry build/Release/obj.target/seamSearch/cpp/seg/Dict.o
154 silly gunzTarPerm modified mode [ 'build/Release/obj.target/seamSearch/cpp/seg/Dict.o',
154 silly gunzTarPerm   420,
154 silly gunzTarPerm   438 ]
155 silly gunzTarPerm extractEntry build/Release/obj.target/seamSearch/cpp/store/IndexInput.o
156 silly gunzTarPerm modified mode [ 'build/Release/obj.target/seamSearch/cpp/store/IndexInput.o',
156 silly gunzTarPerm   420,
156 silly gunzTarPerm   438 ]
157 silly gunzTarPerm extractEntry build/Release/obj.target/seamSearch/cpp/store/IndexOutput.o
158 silly gunzTarPerm modified mode [ 'build/Release/obj.target/seamSearch/cpp/store/IndexOutput.o',
158 silly gunzTarPerm   420,
158 silly gunzTarPerm   438 ]
159 silly gunzTarPerm extractEntry build/Release/obj.target/seamSearch/cpp/writer/IndexWriter.o
160 silly gunzTarPerm modified mode [ 'build/Release/obj.target/seamSearch/cpp/writer/IndexWriter.o',
160 silly gunzTarPerm   420,
160 silly gunzTarPerm   438 ]
161 silly gunzTarPerm extractEntry build/Release/obj.target/seamSearch/nodeSearch.o
162 silly gunzTarPerm modified mode [ 'build/Release/obj.target/seamSearch/nodeSearch.o', 420, 438 ]
163 silly gunzTarPerm extractEntry build/Release/seamSearch.node
164 silly gunzTarPerm modified mode [ 'build/Release/seamSearch.node', 493, 511 ]
165 silly gunzTarPerm extractEntry build/binding.Makefile
166 silly gunzTarPerm modified mode [ 'build/binding.Makefile', 420, 438 ]
167 silly gunzTarPerm extractEntry build/config.gypi
168 silly gunzTarPerm modified mode [ 'build/config.gypi', 420, 438 ]
169 silly gunzTarPerm extractEntry build/gyp-mac-tool
170 silly gunzTarPerm modified mode [ 'build/gyp-mac-tool', 493, 511 ]
171 silly gunzTarPerm extractEntry build/seamSearch.target.mk
172 silly gunzTarPerm modified mode [ 'build/seamSearch.target.mk', 420, 438 ]
173 silly gunzTarPerm extractEntry cpp/comm/stdHeader.h
174 silly gunzTarPerm modified mode [ 'cpp/comm/stdHeader.h', 420, 438 ]
175 silly gunzTarPerm extractEntry cpp/document/Document.cpp
176 silly gunzTarPerm modified mode [ 'cpp/document/Document.cpp', 420, 438 ]
177 silly gunzTarPerm extractEntry cpp/document/Document.h
178 silly gunzTarPerm modified mode [ 'cpp/document/Document.h', 420, 438 ]
179 silly gunzTarPerm extractEntry cpp/merge/IndexMerge.cpp
180 silly gunzTarPerm modified mode [ 'cpp/merge/IndexMerge.cpp', 420, 438 ]
181 silly gunzTarPerm extractEntry cpp/merge/IndexMerge.h
182 silly gunzTarPerm modified mode [ 'cpp/merge/IndexMerge.h', 420, 438 ]
183 silly gunzTarPerm extractEntry cpp/merge/SegmentInfos.cpp
184 silly gunzTarPerm modified mode [ 'cpp/merge/SegmentInfos.cpp', 420, 438 ]
185 silly gunzTarPerm extractEntry cpp/merge/SegmentInfos.h
186 silly gunzTarPerm modified mode [ 'cpp/merge/SegmentInfos.h', 420, 438 ]
187 silly gunzTarPerm extractEntry cpp/reader/HitDoc.cpp
188 silly gunzTarPerm modified mode [ 'cpp/reader/HitDoc.cpp', 420, 438 ]
189 silly gunzTarPerm extractEntry cpp/reader/HitDoc.h
190 silly gunzTarPerm modified mode [ 'cpp/reader/HitDoc.h', 420, 438 ]
191 silly gunzTarPerm extractEntry cpp/reader/IndexReader.cpp
192 silly gunzTarPerm modified mode [ 'cpp/reader/IndexReader.cpp', 420, 438 ]
193 silly gunzTarPerm extractEntry cpp/reader/IndexReader.h
194 silly gunzTarPerm modified mode [ 'cpp/reader/IndexReader.h', 420, 438 ]
195 silly gunzTarPerm extractEntry cpp/search/IndexSearch.cpp
196 silly gunzTarPerm modified mode [ 'cpp/search/IndexSearch.cpp', 420, 438 ]
197 silly gunzTarPerm extractEntry cpp/search/IndexSearch.h
198 silly gunzTarPerm modified mode [ 'cpp/search/IndexSearch.h', 420, 438 ]
199 silly gunzTarPerm extractEntry cpp/search/PriQueue.cpp
200 silly gunzTarPerm modified mode [ 'cpp/search/PriQueue.cpp', 420, 438 ]
201 silly gunzTarPerm extractEntry cpp/search/PriQueue.h
202 silly gunzTarPerm modified mode [ 'cpp/search/PriQueue.h', 420, 438 ]
203 silly gunzTarPerm extractEntry cpp/seg/CHzSeg.cpp
204 silly gunzTarPerm modified mode [ 'cpp/seg/CHzSeg.cpp', 420, 438 ]
205 silly gunzTarPerm extractEntry cpp/seg/CHzSeg.h
206 silly gunzTarPerm modified mode [ 'cpp/seg/CHzSeg.h', 420, 438 ]
207 silly gunzTarPerm extractEntry cpp/seg/Dict.cpp
208 silly gunzTarPerm modified mode [ 'cpp/seg/Dict.cpp', 420, 438 ]
209 silly gunzTarPerm extractEntry cpp/seg/Dict.h
210 silly gunzTarPerm modified mode [ 'cpp/seg/Dict.h', 420, 438 ]
211 silly gunzTarPerm extractEntry cpp/store/IndexInput.cpp
212 silly gunzTarPerm modified mode [ 'cpp/store/IndexInput.cpp', 420, 438 ]
213 silly gunzTarPerm extractEntry cpp/store/IndexInput.h
214 silly gunzTarPerm modified mode [ 'cpp/store/IndexInput.h', 420, 438 ]
215 silly gunzTarPerm extractEntry cpp/store/IndexOutput.cpp
216 silly gunzTarPerm modified mode [ 'cpp/store/IndexOutput.cpp', 420, 438 ]
217 silly gunzTarPerm extractEntry cpp/store/IndexOutput.h
218 silly gunzTarPerm modified mode [ 'cpp/store/IndexOutput.h', 420, 438 ]
219 silly gunzTarPerm extractEntry cpp/words.dict
220 silly gunzTarPerm modified mode [ 'cpp/words.dict', 493, 511 ]
221 silly gunzTarPerm extractEntry cpp/writer/IndexWriter.cpp
222 silly gunzTarPerm modified mode [ 'cpp/writer/IndexWriter.cpp', 420, 438 ]
223 silly gunzTarPerm extractEntry cpp/writer/IndexWriter.h
224 silly gunzTarPerm modified mode [ 'cpp/writer/IndexWriter.h', 420, 438 ]
225 silly gunzTarPerm extractEntry nodeSearch.cpp
226 silly gunzTarPerm modified mode [ 'nodeSearch.cpp', 420, 438 ]
227 verbose write writing to G:\moka\node_modules\seamsearch\package.json
228 info preinstall seamsearch@0.1.8
229 verbose readDependencies loading dependencies from G:\moka\node_modules\seamsearch\package.json
230 verbose readDependencies loading dependencies from G:\moka\node_modules\seamsearch\package.json
231 silly install resolved []
232 verbose about to build G:\moka\node_modules\seamsearch
233 info build G:\moka\node_modules\seamsearch
234 info linkStuff seamsearch@0.1.8
235 silly linkStuff seamsearch@0.1.8 has G:\moka\node_modules as its parent node_modules
236 verbose linkBins seamsearch@0.1.8
237 verbose linkMans seamsearch@0.1.8
238 verbose rebuildBundles seamsearch@0.1.8
239 info install seamsearch@0.1.8
240 verbose unsafe-perm in lifecycle true
241 info seamsearch@0.1.8 Failed to exec install script
242 verbose unlock done using C:\Users\young\AppData\Roaming\npm-cache\_locks\seamsearch-e612457ad188bf38.lock for G:\moka\node_modules\seamsearch
243 verbose stack Error: seamsearch@0.1.8 install: `node-gyp rebuild`
243 verbose stack Exit status 1
243 verbose stack     at EventEmitter.<anonymous> (D:\Program Files (x86)\nodejs\node_modules\npm\lib\utils\lifecycle.js:214:16)
243 verbose stack     at emitTwo (events.js:87:13)
243 verbose stack     at EventEmitter.emit (events.js:172:7)
243 verbose stack     at ChildProcess.<anonymous> (D:\Program Files (x86)\nodejs\node_modules\npm\lib\utils\spawn.js:24:14)
243 verbose stack     at emitTwo (events.js:87:13)
243 verbose stack     at ChildProcess.emit (events.js:172:7)
243 verbose stack     at maybeClose (internal/child_process.js:818:16)
243 verbose stack     at Process.ChildProcess._handle.onexit (internal/child_process.js:211:5)
244 verbose pkgid seamsearch@0.1.8
245 verbose cwd G:\moka
246 error Windows_NT 6.1.7601
247 error argv "D:\\Program Files (x86)\\nodejs\\node.exe" "D:\\Program Files (x86)\\nodejs\\node_modules\\npm\\bin\\npm-cli.js" "install" "seamsearch"
248 error node v4.2.1
249 error npm  v2.14.7
250 error code ELIFECYCLE
251 error seamsearch@0.1.8 install: `node-gyp rebuild`
251 error Exit status 1
252 error Failed at the seamsearch@0.1.8 install script 'node-gyp rebuild'.
252 error This is most likely a problem with the seamsearch package,
252 error not with npm itself.
252 error Tell the author that this fails on your system:
252 error     node-gyp rebuild
252 error You can get their info via:
252 error     npm owner ls seamsearch
252 error There is likely additional logging output above.
253 verbose exit [ 1, true ]
254 verbose unbuild node_modules\seamsearch
255 info preuninstall seamsearch@0.1.8
256 info uninstall seamsearch@0.1.8
257 verbose unbuild rmStuff seamsearch@0.1.8 from G:\moka\node_modules
258 info postuninstall seamsearch@0.1.8
259 silly gentlyRm G:\moka\node_modules\seamsearch is being purged from base G:\moka
260 verbose gentlyRm don't care about contents; nuking G:\moka\node_modules\seamsearch
261 silly vacuum-fs purging G:\moka\node_modules\seamsearch
262 silly vacuum-fs quitting because other entries in G:\moka\node_modules
